<?xml version="1.0" encoding="UTF-8"?>
<testng-results skipped="0" failed="0" ignored="0" total="1" passed="1">
  <reporter-output>
  </reporter-output>
  <suite name="Default suite" duration-ms="7261" started-at="2019-01-04T06:23:05Z" finished-at="2019-01-04T06:23:13Z">
    <groups>
    </groups>
    <test name="Default test" duration-ms="7261" started-at="2019-01-04T06:23:05Z" finished-at="2019-01-04T06:23:13Z">
      <class name="com.testgooglesearch.app.GoogleSearch">
        <test-method status="PASS" signature="setProperties()[pri:0, instance:com.testgooglesearch.app.GoogleSearch@42d80b78]" name="setProperties" is-config="true" duration-ms="23" started-at="2019-01-04T06:23:05Z" finished-at="2019-01-04T06:23:05Z">
          <reporter-output>
          </reporter-output>
        </test-method> <!-- setProperties -->
        <test-method status="PASS" signature="testGoogleSearch()[pri:0, instance:com.testgooglesearch.app.GoogleSearch@42d80b78]" name="testGoogleSearch" duration-ms="7205" started-at="2019-01-04T06:23:05Z" finished-at="2019-01-04T06:23:13Z">
          <reporter-output>
          </reporter-output>
        </test-method> <!-- testGoogleSearch -->
        <test-method status="PASS" signature="close()[pri:0, instance:com.testgooglesearch.app.GoogleSearch@42d80b78]" name="close" is-config="true" duration-ms="1" started-at="2019-01-04T06:23:13Z" finished-at="2019-01-04T06:23:13Z">
          <reporter-output>
          </reporter-output>
        </test-method> <!-- close -->
      </class> <!-- com.testgooglesearch.app.GoogleSearch -->
    </test> <!-- Default test -->
  </suite> <!-- Default suite -->
</testng-results>
